<?xml version="1.0" encoding="UTF-8"?>
<!-- Generated by org.testng.reporters.JUnitXMLReporter -->
<testsuite ignored="0" hostname="Sciencefreek" failures="0" tests="9" name="chromeTest" time="205.086" errors="0" timestamp="2023-12-15T11:07:19 IST">
  <testcase classname="capstone.spicejet.tests.LinkVerifyTest" name="signupTest1" time="3.986"/>
  <testcase classname="capstone.spicejet.tests.SJsignupTest" name="signupTest" time="29.894"/>
  <testcase classname="capstone.spicejet.tests.SjetLoginTest" name="loginTest" time="7.566"/>
  <testcase classname="capstone.spicejet.tests.SjetLoginTest1" name="loginTest" time="11.586"/>
  <testcase classname="capstone.spicejet.tests.OnewayTest" name="OneWay" time="82.783"/>
  <testcase classname="capstone.spicejet.tests.RoundtripTest" name="roundTrip" time="37.557"/>
  <testcase classname="capstone.spicejet.tests.CheckinTest" name="checkin" time="11.356"/>
  <testcase classname="capstone.spicejet.tests.FlightStatusTest" name="checkin" time="9.408"/>
  <testcase classname="capstone.spicejet.tests.ManageBookingTest" name="checkin" time="10.88"/>
</testsuite> <!-- chromeTest -->
