<?xml version="1.0" encoding="UTF-8"?>
<!-- Generated by org.testng.reporters.JUnitXMLReporter -->
<testsuite ignored="0" hostname="Sciencefreek" failures="0" tests="8" name="chromeTest" time="254.019" errors="0" timestamp="2023-12-13T15:53:21 IST">
  <testcase classname="capstone.spicejet.tests.LinkVerifyTest" name="signupTest1" time="9.661"/>
  <testcase classname="capstone.spicejet.tests.SJsignupTest" name="signupTest" time="41.932"/>
  <testcase classname="capstone.spicejet.tests.SjetLoginTest" name="loginTest" time="18.137"/>
  <testcase classname="capstone.spicejet.tests.OnewayTest" name="OneWay" time="52.979"/>
  <testcase classname="capstone.spicejet.tests.RoundtripTest" name="roundTrip" time="70.454"/>
  <testcase classname="capstone.spicejet.tests.CheckinTest" name="checkin" time="21.314"/>
  <testcase classname="capstone.spicejet.tests.FlightStatusTest" name="checkin" time="19.613"/>
  <testcase classname="capstone.spicejet.tests.ManageBookingTest" name="checkin" time="19.856"/>
</testsuite> <!-- chromeTest -->
