<?xml version="1.0" encoding="UTF-8"?>
<!-- Generated by org.testng.reporters.JUnitXMLReporter -->
<testsuite ignored="0" hostname="Sciencefreek" failures="0" tests="8" name="EdgeTest" time="956.854" errors="0" timestamp="2023-12-13T16:09:18 IST">
  <testcase classname="capstone.spicejet.tests.LinkVerifyTest" name="signupTest1" time="6.88"/>
  <testcase classname="capstone.spicejet.tests.SJsignupTest" name="signupTest" time="40.259"/>
  <testcase classname="capstone.spicejet.tests.SjetLoginTest" name="loginTest" time="16.94"/>
  <testcase classname="capstone.spicejet.tests.OnewayTest" name="OneWay" time="53.743"/>
  <testcase classname="capstone.spicejet.tests.RoundtripTest" name="roundTrip" time="468.185"/>
  <testcase classname="capstone.spicejet.tests.CheckinTest" name="checkin" time="101.09"/>
  <testcase classname="capstone.spicejet.tests.FlightStatusTest" name="checkin" time="168.896"/>
  <testcase classname="capstone.spicejet.tests.ManageBookingTest" name="checkin" time="100.821"/>
</testsuite> <!-- EdgeTest -->
