<?xml version="1.0" encoding="UTF-8"?>
<!-- Generated by org.testng.reporters.JUnitXMLReporter -->
<testsuite ignored="0" hostname="Sciencefreek" failures="0" tests="8" name="EdgeTest" time="177.896" errors="0" timestamp="2023-12-15T11:10:16 IST">
  <testcase classname="capstone.spicejet.tests.LinkVerifyTest" name="signupTest1" time="4.526"/>
  <testcase classname="capstone.spicejet.tests.SJsignupTest" name="signupTest" time="34.127"/>
  <testcase classname="capstone.spicejet.tests.SjetLoginTest" name="loginTest" time="10.597"/>
  <testcase classname="capstone.spicejet.tests.OnewayTest" name="OneWay" time="33.647"/>
  <testcase classname="capstone.spicejet.tests.RoundtripTest" name="roundTrip" time="53.714"/>
  <testcase classname="capstone.spicejet.tests.CheckinTest" name="checkin" time="13.867"/>
  <testcase classname="capstone.spicejet.tests.FlightStatusTest" name="checkin" time="13.215"/>
  <testcase classname="capstone.spicejet.tests.ManageBookingTest" name="checkin" time="14.182"/>
</testsuite> <!-- EdgeTest -->
