<?xml version="1.0" encoding="UTF-8"?>
<testng-results ignored="0" total="16" passed="16" failed="0" skipped="0">
  <reporter-output>
  </reporter-output>
  <suite started-at="2023-12-13T15:49:07 IST" name="Suite" finished-at="2023-12-13T16:09:18 IST" duration-ms="1210931">
    <groups>
    </groups>
    <test started-at="2023-12-13T15:49:07 IST" name="chromeTest" finished-at="2023-12-13T15:53:21 IST" duration-ms="254019">
      <class name="capstone.spicejet.tests.ManageBookingTest">
        <test-method signature="checkin(java.lang.String)[pri:0, instance:capstone.spicejet.tests.ManageBookingTest@4d1c00d0]" started-at="2023-12-13T15:53:01 IST" name="checkin" finished-at="2023-12-13T15:53:21 IST" duration-ms="19856" status="PASS">
          <params>
            <param index="0">
              <value>
                <![CDATA[chrome]]>
              </value>
            </param>
          </params>
          <reporter-output>
          </reporter-output>
        </test-method> <!-- checkin -->
      </class> <!-- capstone.spicejet.tests.ManageBookingTest -->
      <class name="capstone.spicejet.tests.SjetLoginTest">
        <test-method signature="loginTest(java.lang.String)[pri:0, instance:capstone.spicejet.tests.SjetLoginTest@198b6731]" started-at="2023-12-13T15:49:58 IST" name="loginTest" finished-at="2023-12-13T15:50:16 IST" duration-ms="18137" status="PASS">
          <params>
            <param index="0">
              <value>
                <![CDATA[chrome]]>
              </value>
            </param>
          </params>
          <reporter-output>
          </reporter-output>
        </test-method> <!-- loginTest -->
      </class> <!-- capstone.spicejet.tests.SjetLoginTest -->
      <class name="capstone.spicejet.tests.OnewayTest">
        <test-method signature="OneWay(java.lang.String)[pri:0, instance:capstone.spicejet.tests.OnewayTest@7c6908d7]" started-at="2023-12-13T15:50:16 IST" name="OneWay" finished-at="2023-12-13T15:51:09 IST" duration-ms="52979" status="PASS">
          <params>
            <param index="0">
              <value>
                <![CDATA[chrome]]>
              </value>
            </param>
          </params>
          <reporter-output>
          </reporter-output>
        </test-method> <!-- OneWay -->
      </class> <!-- capstone.spicejet.tests.OnewayTest -->
      <class name="capstone.spicejet.tests.CheckinTest">
        <test-method signature="checkin(java.lang.String)[pri:0, instance:capstone.spicejet.tests.CheckinTest@3bf7ca37]" started-at="2023-12-13T15:52:20 IST" name="checkin" finished-at="2023-12-13T15:52:41 IST" duration-ms="21314" status="PASS">
          <params>
            <param index="0">
              <value>
                <![CDATA[chrome]]>
              </value>
            </param>
          </params>
          <reporter-output>
          </reporter-output>
        </test-method> <!-- checkin -->
      </class> <!-- capstone.spicejet.tests.CheckinTest -->
      <class name="capstone.spicejet.tests.SJsignupTest">
        <test-method signature="signupTest(java.lang.String)[pri:0, instance:capstone.spicejet.tests.SJsignupTest@3857f613]" started-at="2023-12-13T15:49:16 IST" name="signupTest" finished-at="2023-12-13T15:49:58 IST" duration-ms="41932" status="PASS">
          <params>
            <param index="0">
              <value>
                <![CDATA[chrome]]>
              </value>
            </param>
          </params>
          <reporter-output>
          </reporter-output>
        </test-method> <!-- signupTest -->
      </class> <!-- capstone.spicejet.tests.SJsignupTest -->
      <class name="capstone.spicejet.tests.LinkVerifyTest">
        <test-method signature="signupTest1(java.lang.String)[pri:0, instance:capstone.spicejet.tests.LinkVerifyTest@489115ef]" started-at="2023-12-13T15:49:07 IST" name="signupTest1" finished-at="2023-12-13T15:49:16 IST" duration-ms="9661" status="PASS">
          <params>
            <param index="0">
              <value>
                <![CDATA[chrome]]>
              </value>
            </param>
          </params>
          <reporter-output>
          </reporter-output>
        </test-method> <!-- signupTest1 -->
      </class> <!-- capstone.spicejet.tests.LinkVerifyTest -->
      <class name="capstone.spicejet.tests.RoundtripTest">
        <test-method signature="roundTrip(java.lang.String)[pri:0, instance:capstone.spicejet.tests.RoundtripTest@3c9754d8]" started-at="2023-12-13T15:51:09 IST" name="roundTrip" finished-at="2023-12-13T15:52:20 IST" duration-ms="70454" status="PASS">
          <params>
            <param index="0">
              <value>
                <![CDATA[chrome]]>
              </value>
            </param>
          </params>
          <reporter-output>
          </reporter-output>
        </test-method> <!-- roundTrip -->
      </class> <!-- capstone.spicejet.tests.RoundtripTest -->
      <class name="capstone.spicejet.tests.FlightStatusTest">
        <test-method signature="checkin(java.lang.String)[pri:0, instance:capstone.spicejet.tests.FlightStatusTest@79079097]" started-at="2023-12-13T15:52:41 IST" name="checkin" finished-at="2023-12-13T15:53:01 IST" duration-ms="19613" status="PASS">
          <params>
            <param index="0">
              <value>
                <![CDATA[chrome]]>
              </value>
            </param>
          </params>
          <reporter-output>
          </reporter-output>
        </test-method> <!-- checkin -->
      </class> <!-- capstone.spicejet.tests.FlightStatusTest -->
    </test> <!-- chromeTest -->
    <test started-at="2023-12-13T15:53:21 IST" name="EdgeTest" finished-at="2023-12-13T16:09:18 IST" duration-ms="956854">
      <class name="capstone.spicejet.utils.Reports">
        <test-method is-config="true" signature="startReport()[pri:0, instance:capstone.spicejet.utils.Reports@22fcf7ab]" started-at="2023-12-13T15:49:06 IST" name="startReport" finished-at="2023-12-13T15:49:07 IST" duration-ms="334" status="PASS">
          <reporter-output>
          </reporter-output>
        </test-method> <!-- startReport -->
        <test-method is-config="true" signature="endReport()[pri:0, instance:capstone.spicejet.utils.Reports@22fcf7ab]" started-at="2023-12-13T16:09:18 IST" name="endReport" finished-at="2023-12-13T16:09:19 IST" duration-ms="1005" status="PASS">
          <reporter-output>
          </reporter-output>
        </test-method> <!-- endReport -->
      </class> <!-- capstone.spicejet.utils.Reports -->
      <class name="capstone.spicejet.tests.ManageBookingTest">
        <test-method signature="checkin(java.lang.String)[pri:0, instance:capstone.spicejet.tests.ManageBookingTest@bccb269]" started-at="2023-12-13T16:07:37 IST" name="checkin" finished-at="2023-12-13T16:09:18 IST" duration-ms="100821" status="PASS">
          <params>
            <param index="0">
              <value>
                <![CDATA[edge]]>
              </value>
            </param>
          </params>
          <reporter-output>
          </reporter-output>
        </test-method> <!-- checkin -->
      </class> <!-- capstone.spicejet.tests.ManageBookingTest -->
      <class name="capstone.spicejet.tests.SjetLoginTest">
        <test-method signature="loginTest(java.lang.String)[pri:0, instance:capstone.spicejet.tests.SjetLoginTest@4988d8b8]" started-at="2023-12-13T15:54:08 IST" name="loginTest" finished-at="2023-12-13T15:54:25 IST" duration-ms="16940" status="PASS">
          <params>
            <param index="0">
              <value>
                <![CDATA[edge]]>
              </value>
            </param>
          </params>
          <reporter-output>
          </reporter-output>
        </test-method> <!-- loginTest -->
      </class> <!-- capstone.spicejet.tests.SjetLoginTest -->
      <class name="capstone.spicejet.tests.OnewayTest">
        <test-method signature="OneWay(java.lang.String)[pri:0, instance:capstone.spicejet.tests.OnewayTest@c0c2f8d]" started-at="2023-12-13T15:54:25 IST" name="OneWay" finished-at="2023-12-13T15:55:19 IST" duration-ms="53743" status="PASS">
          <params>
            <param index="0">
              <value>
                <![CDATA[edge]]>
              </value>
            </param>
          </params>
          <reporter-output>
          </reporter-output>
        </test-method> <!-- OneWay -->
      </class> <!-- capstone.spicejet.tests.OnewayTest -->
      <class name="capstone.spicejet.tests.CheckinTest">
        <test-method signature="checkin(java.lang.String)[pri:0, instance:capstone.spicejet.tests.CheckinTest@6913c1fb]" started-at="2023-12-13T16:03:07 IST" name="checkin" finished-at="2023-12-13T16:04:48 IST" duration-ms="101090" status="PASS">
          <params>
            <param index="0">
              <value>
                <![CDATA[edge]]>
              </value>
            </param>
          </params>
          <reporter-output>
          </reporter-output>
        </test-method> <!-- checkin -->
      </class> <!-- capstone.spicejet.tests.CheckinTest -->
      <class name="capstone.spicejet.tests.SJsignupTest">
        <test-method signature="signupTest(java.lang.String)[pri:0, instance:capstone.spicejet.tests.SJsignupTest@63475ace]" started-at="2023-12-13T15:53:28 IST" name="signupTest" finished-at="2023-12-13T15:54:08 IST" duration-ms="40259" status="PASS">
          <params>
            <param index="0">
              <value>
                <![CDATA[edge]]>
              </value>
            </param>
          </params>
          <reporter-output>
          </reporter-output>
        </test-method> <!-- signupTest -->
      </class> <!-- capstone.spicejet.tests.SJsignupTest -->
      <class name="capstone.spicejet.tests.LinkVerifyTest">
        <test-method signature="signupTest1(java.lang.String)[pri:0, instance:capstone.spicejet.tests.LinkVerifyTest@2de23121]" started-at="2023-12-13T15:53:21 IST" name="signupTest1" finished-at="2023-12-13T15:53:28 IST" duration-ms="6880" status="PASS">
          <params>
            <param index="0">
              <value>
                <![CDATA[edge]]>
              </value>
            </param>
          </params>
          <reporter-output>
          </reporter-output>
        </test-method> <!-- signupTest1 -->
      </class> <!-- capstone.spicejet.tests.LinkVerifyTest -->
      <class name="capstone.spicejet.tests.RoundtripTest">
        <test-method signature="roundTrip(java.lang.String)[pri:0, instance:capstone.spicejet.tests.RoundtripTest@305b7c14]" started-at="2023-12-13T15:55:19 IST" name="roundTrip" finished-at="2023-12-13T16:03:07 IST" duration-ms="468185" status="PASS">
          <params>
            <param index="0">
              <value>
                <![CDATA[edge]]>
              </value>
            </param>
          </params>
          <reporter-output>
          </reporter-output>
        </test-method> <!-- roundTrip -->
      </class> <!-- capstone.spicejet.tests.RoundtripTest -->
      <class name="capstone.spicejet.tests.FlightStatusTest">
        <test-method signature="checkin(java.lang.String)[pri:0, instance:capstone.spicejet.tests.FlightStatusTest@66d18979]" started-at="2023-12-13T16:04:48 IST" name="checkin" finished-at="2023-12-13T16:07:37 IST" duration-ms="168896" status="PASS">
          <params>
            <param index="0">
              <value>
                <![CDATA[edge]]>
              </value>
            </param>
          </params>
          <reporter-output>
          </reporter-output>
        </test-method> <!-- checkin -->
      </class> <!-- capstone.spicejet.tests.FlightStatusTest -->
    </test> <!-- EdgeTest -->
  </suite> <!-- Suite -->
</testng-results>
