<?xml version="1.0" encoding="UTF-8"?>
<testng-results ignored="0" total="17" passed="17" failed="0" skipped="0">
  <reporter-output>
  </reporter-output>
  <suite started-at="2023-12-15T11:03:53 IST" name="Suite" finished-at="2023-12-15T11:10:16 IST" duration-ms="383042">
    <groups>
    </groups>
    <test started-at="2023-12-15T11:03:53 IST" name="chromeTest" finished-at="2023-12-15T11:07:18 IST" duration-ms="205086">
      <class name="capstone.spicejet.tests.ManageBookingTest">
        <test-method signature="checkin(java.lang.String)[pri:0, instance:capstone.spicejet.tests.ManageBookingTest@4e08711f]" started-at="2023-12-15T11:07:08 IST" name="checkin" finished-at="2023-12-15T11:07:18 IST" duration-ms="10880" status="PASS">
          <params>
            <param index="0">
              <value>
                <![CDATA[chrome]]>
              </value>
            </param>
          </params>
          <reporter-output>
          </reporter-output>
        </test-method> <!-- checkin -->
      </class> <!-- capstone.spicejet.tests.ManageBookingTest -->
      <class name="capstone.spicejet.tests.SjetLoginTest">
        <test-method signature="loginTest(java.lang.String)[pri:0, instance:capstone.spicejet.tests.SjetLoginTest@7c6908d7]" started-at="2023-12-15T11:04:27 IST" name="loginTest" finished-at="2023-12-15T11:04:35 IST" duration-ms="7566" status="PASS">
          <params>
            <param index="0">
              <value>
                <![CDATA[chrome]]>
              </value>
            </param>
          </params>
          <reporter-output>
          </reporter-output>
        </test-method> <!-- loginTest -->
      </class> <!-- capstone.spicejet.tests.SjetLoginTest -->
      <class name="capstone.spicejet.tests.OnewayTest">
        <test-method signature="OneWay(java.lang.String)[pri:0, instance:capstone.spicejet.tests.OnewayTest@3bf7ca37]" started-at="2023-12-15T11:04:46 IST" name="OneWay" finished-at="2023-12-15T11:06:09 IST" duration-ms="82783" status="PASS">
          <params>
            <param index="0">
              <value>
                <![CDATA[chrome]]>
              </value>
            </param>
          </params>
          <reporter-output>
          </reporter-output>
        </test-method> <!-- OneWay -->
      </class> <!-- capstone.spicejet.tests.OnewayTest -->
      <class name="capstone.spicejet.tests.CheckinTest">
        <test-method signature="checkin(java.lang.String)[pri:0, instance:capstone.spicejet.tests.CheckinTest@4d1c00d0]" started-at="2023-12-15T11:06:47 IST" name="checkin" finished-at="2023-12-15T11:06:58 IST" duration-ms="11356" status="PASS">
          <params>
            <param index="0">
              <value>
                <![CDATA[chrome]]>
              </value>
            </param>
          </params>
          <reporter-output>
          </reporter-output>
        </test-method> <!-- checkin -->
      </class> <!-- capstone.spicejet.tests.CheckinTest -->
      <class name="capstone.spicejet.tests.SjetLoginTest1">
        <test-method signature="loginTest(java.lang.String)[pri:0, instance:capstone.spicejet.tests.SjetLoginTest1@3c9754d8]" started-at="2023-12-15T11:04:35 IST" name="loginTest" finished-at="2023-12-15T11:04:46 IST" duration-ms="11586" status="PASS">
          <params>
            <param index="0">
              <value>
                <![CDATA[chrome]]>
              </value>
            </param>
          </params>
          <reporter-output>
          </reporter-output>
        </test-method> <!-- loginTest -->
      </class> <!-- capstone.spicejet.tests.SjetLoginTest1 -->
      <class name="capstone.spicejet.tests.SJsignupTest">
        <test-method signature="signupTest(java.lang.String)[pri:0, instance:capstone.spicejet.tests.SJsignupTest@198b6731]" started-at="2023-12-15T11:03:57 IST" name="signupTest" finished-at="2023-12-15T11:04:27 IST" duration-ms="29894" status="PASS">
          <params>
            <param index="0">
              <value>
                <![CDATA[chrome]]>
              </value>
            </param>
          </params>
          <reporter-output>
          </reporter-output>
        </test-method> <!-- signupTest -->
      </class> <!-- capstone.spicejet.tests.SJsignupTest -->
      <class name="capstone.spicejet.tests.LinkVerifyTest">
        <test-method signature="signupTest1(java.lang.String)[pri:0, instance:capstone.spicejet.tests.LinkVerifyTest@3857f613]" started-at="2023-12-15T11:03:53 IST" name="signupTest1" finished-at="2023-12-15T11:03:57 IST" duration-ms="3986" status="PASS">
          <params>
            <param index="0">
              <value>
                <![CDATA[chrome]]>
              </value>
            </param>
          </params>
          <reporter-output>
          </reporter-output>
        </test-method> <!-- signupTest1 -->
      </class> <!-- capstone.spicejet.tests.LinkVerifyTest -->
      <class name="capstone.spicejet.tests.RoundtripTest">
        <test-method signature="roundTrip(java.lang.String)[pri:0, instance:capstone.spicejet.tests.RoundtripTest@79079097]" started-at="2023-12-15T11:06:09 IST" name="roundTrip" finished-at="2023-12-15T11:06:47 IST" duration-ms="37557" status="PASS">
          <params>
            <param index="0">
              <value>
                <![CDATA[chrome]]>
              </value>
            </param>
          </params>
          <reporter-output>
          </reporter-output>
        </test-method> <!-- roundTrip -->
      </class> <!-- capstone.spicejet.tests.RoundtripTest -->
      <class name="capstone.spicejet.tests.FlightStatusTest">
        <test-method signature="checkin(java.lang.String)[pri:0, instance:capstone.spicejet.tests.FlightStatusTest@4b2bac3f]" started-at="2023-12-15T11:06:58 IST" name="checkin" finished-at="2023-12-15T11:07:08 IST" duration-ms="9408" status="PASS">
          <params>
            <param index="0">
              <value>
                <![CDATA[chrome]]>
              </value>
            </param>
          </params>
          <reporter-output>
          </reporter-output>
        </test-method> <!-- checkin -->
      </class> <!-- capstone.spicejet.tests.FlightStatusTest -->
    </test> <!-- chromeTest -->
    <test started-at="2023-12-15T11:07:19 IST" name="EdgeTest" finished-at="2023-12-15T11:10:16 IST" duration-ms="177896">
      <class name="capstone.spicejet.utils.Reports">
        <test-method is-config="true" signature="startReport()[pri:0, instance:capstone.spicejet.utils.Reports@63475ace]" started-at="2023-12-15T11:03:53 IST" name="startReport" finished-at="2023-12-15T11:03:53 IST" duration-ms="270" status="PASS">
          <reporter-output>
          </reporter-output>
        </test-method> <!-- startReport -->
        <test-method is-config="true" signature="endReport()[pri:0, instance:capstone.spicejet.utils.Reports@63475ace]" started-at="2023-12-15T11:10:16 IST" name="endReport" finished-at="2023-12-15T11:10:17 IST" duration-ms="321" status="PASS">
          <reporter-output>
          </reporter-output>
        </test-method> <!-- endReport -->
      </class> <!-- capstone.spicejet.utils.Reports -->
      <class name="capstone.spicejet.tests.ManageBookingTest">
        <test-method signature="checkin(java.lang.String)[pri:0, instance:capstone.spicejet.tests.ManageBookingTest@17f7cd29]" started-at="2023-12-15T11:10:02 IST" name="checkin" finished-at="2023-12-15T11:10:16 IST" duration-ms="14182" status="PASS">
          <params>
            <param index="0">
              <value>
                <![CDATA[edge]]>
              </value>
            </param>
          </params>
          <reporter-output>
          </reporter-output>
        </test-method> <!-- checkin -->
      </class> <!-- capstone.spicejet.tests.ManageBookingTest -->
      <class name="capstone.spicejet.tests.SjetLoginTest">
        <test-method signature="loginTest(java.lang.String)[pri:0, instance:capstone.spicejet.tests.SjetLoginTest@305b7c14]" started-at="2023-12-15T11:07:57 IST" name="loginTest" finished-at="2023-12-15T11:08:08 IST" duration-ms="10597" status="PASS">
          <params>
            <param index="0">
              <value>
                <![CDATA[edge]]>
              </value>
            </param>
          </params>
          <reporter-output>
          </reporter-output>
        </test-method> <!-- loginTest -->
      </class> <!-- capstone.spicejet.tests.SjetLoginTest -->
      <class name="capstone.spicejet.tests.OnewayTest">
        <test-method signature="OneWay(java.lang.String)[pri:0, instance:capstone.spicejet.tests.OnewayTest@6913c1fb]" started-at="2023-12-15T11:08:08 IST" name="OneWay" finished-at="2023-12-15T11:08:41 IST" duration-ms="33647" status="PASS">
          <params>
            <param index="0">
              <value>
                <![CDATA[edge]]>
              </value>
            </param>
          </params>
          <reporter-output>
          </reporter-output>
        </test-method> <!-- OneWay -->
      </class> <!-- capstone.spicejet.tests.OnewayTest -->
      <class name="capstone.spicejet.tests.CheckinTest">
        <test-method signature="checkin(java.lang.String)[pri:0, instance:capstone.spicejet.tests.CheckinTest@bccb269]" started-at="2023-12-15T11:09:35 IST" name="checkin" finished-at="2023-12-15T11:09:49 IST" duration-ms="13867" status="PASS">
          <params>
            <param index="0">
              <value>
                <![CDATA[edge]]>
              </value>
            </param>
          </params>
          <reporter-output>
          </reporter-output>
        </test-method> <!-- checkin -->
      </class> <!-- capstone.spicejet.tests.CheckinTest -->
      <class name="capstone.spicejet.tests.SJsignupTest">
        <test-method signature="signupTest(java.lang.String)[pri:0, instance:capstone.spicejet.tests.SJsignupTest@c0c2f8d]" started-at="2023-12-15T11:07:23 IST" name="signupTest" finished-at="2023-12-15T11:07:57 IST" duration-ms="34127" status="PASS">
          <params>
            <param index="0">
              <value>
                <![CDATA[edge]]>
              </value>
            </param>
          </params>
          <reporter-output>
          </reporter-output>
        </test-method> <!-- signupTest -->
      </class> <!-- capstone.spicejet.tests.SJsignupTest -->
      <class name="capstone.spicejet.tests.LinkVerifyTest">
        <test-method signature="signupTest1(java.lang.String)[pri:0, instance:capstone.spicejet.tests.LinkVerifyTest@4988d8b8]" started-at="2023-12-15T11:07:19 IST" name="signupTest1" finished-at="2023-12-15T11:07:23 IST" duration-ms="4526" status="PASS">
          <params>
            <param index="0">
              <value>
                <![CDATA[edge]]>
              </value>
            </param>
          </params>
          <reporter-output>
          </reporter-output>
        </test-method> <!-- signupTest1 -->
      </class> <!-- capstone.spicejet.tests.LinkVerifyTest -->
      <class name="capstone.spicejet.tests.RoundtripTest">
        <test-method signature="roundTrip(java.lang.String)[pri:0, instance:capstone.spicejet.tests.RoundtripTest@66d18979]" started-at="2023-12-15T11:08:41 IST" name="roundTrip" finished-at="2023-12-15T11:09:35 IST" duration-ms="53714" status="PASS">
          <params>
            <param index="0">
              <value>
                <![CDATA[edge]]>
              </value>
            </param>
          </params>
          <reporter-output>
          </reporter-output>
        </test-method> <!-- roundTrip -->
      </class> <!-- capstone.spicejet.tests.RoundtripTest -->
      <class name="capstone.spicejet.tests.FlightStatusTest">
        <test-method signature="checkin(java.lang.String)[pri:0, instance:capstone.spicejet.tests.FlightStatusTest@609cd4d8]" started-at="2023-12-15T11:09:49 IST" name="checkin" finished-at="2023-12-15T11:10:02 IST" duration-ms="13215" status="PASS">
          <params>
            <param index="0">
              <value>
                <![CDATA[edge]]>
              </value>
            </param>
          </params>
          <reporter-output>
          </reporter-output>
        </test-method> <!-- checkin -->
      </class> <!-- capstone.spicejet.tests.FlightStatusTest -->
    </test> <!-- EdgeTest -->
  </suite> <!-- Suite -->
</testng-results>
